<?xml version="1.0" encoding="UTF-8"?>
<!-- Generated by org.testng.reporters.JUnitReportReporter -->
<testsuite skipped="0" hostname="Namratas-MacBook-Air.local" name="com.qa.tests.GetAPITest" tests="1" failures="0" timestamp="21 Feb 2018 14:17:41 GMT" time="2.754" errors="0">
  <testcase name="getAPITest" time="2.754" classname="com.qa.tests.GetAPITest"/>
</testsuite> <!-- com.qa.tests.GetAPITest -->
